0 info it worked if it ends with ok
1 verbose cli [ 'node', '/usr/local/bin/npm', 'install', 'async-waterfall' ]
2 info using npm@1.4.28
3 info using node@v0.10.33
4 warn package.json colsvc@0.1.0 No repository field.
5 warn package.json http@0.0.0 http is also the name of a node core module.
6 warn package.json http@0.0.0 No description
7 warn package.json http@0.0.0 No repository field.
8 warn package.json refresh-token@0.0.2 No repository field.
9 verbose readDependencies using package.json deps
10 verbose cache add [ 'async-waterfall', null ]
11 verbose cache add name=undefined spec="async-waterfall" args=["async-waterfall",null]
12 verbose parsed url { protocol: null,
12 verbose parsed url   slashes: null,
12 verbose parsed url   auth: null,
12 verbose parsed url   host: null,
12 verbose parsed url   port: null,
12 verbose parsed url   hostname: null,
12 verbose parsed url   hash: null,
12 verbose parsed url   search: null,
12 verbose parsed url   query: null,
12 verbose parsed url   pathname: 'async-waterfall',
12 verbose parsed url   path: 'async-waterfall',
12 verbose parsed url   href: 'async-waterfall' }
13 silly lockFile 3f70616d-async-waterfall async-waterfall
14 verbose lock async-waterfall /Users/pcanella/.npm/3f70616d-async-waterfall.lock
15 silly lockFile 3f70616d-async-waterfall async-waterfall
16 silly lockFile 3f70616d-async-waterfall async-waterfall
17 verbose addNamed [ 'async-waterfall', '' ]
18 verbose addNamed [ null, '*' ]
19 silly lockFile cf182711-async-waterfall async-waterfall@
20 verbose lock async-waterfall@ /Users/pcanella/.npm/cf182711-async-waterfall.lock
21 silly addNameRange { name: 'async-waterfall', range: '*', hasData: false }
22 verbose request where is /async-waterfall
23 verbose request registry https://npm.paypal.com/
24 verbose request id 39873770b22fd507
25 verbose url raw /async-waterfall
26 verbose url resolving [ 'https://npm.paypal.com/', './async-waterfall' ]
27 verbose url resolved https://npm.paypal.com/async-waterfall
28 verbose request where is https://npm.paypal.com/async-waterfall
29 info trying registry request attempt 1 at 00:42:42
30 http GET https://npm.paypal.com/async-waterfall
31 info retry will retry, error on last attempt: Error: getaddrinfo ENOTFOUND
32 info trying registry request attempt 2 at 00:42:52
33 http GET https://npm.paypal.com/async-waterfall
34 info retry will retry, error on last attempt: Error: getaddrinfo ENOTFOUND
35 info trying registry request attempt 3 at 00:43:52
36 http GET https://npm.paypal.com/async-waterfall
37 silly lockFile cf182711-async-waterfall async-waterfall@
38 silly lockFile cf182711-async-waterfall async-waterfall@
39 error network getaddrinfo ENOTFOUND
39 error network This is most likely not a problem with npm itself
39 error network and is related to network connectivity.
39 error network In most cases you are behind a proxy or have bad network settings.
39 error network
39 error network If you are behind a proxy, please make sure that the
39 error network 'proxy' config is set properly.  See: 'npm help config'
40 error System Darwin 13.2.0
41 error command "node" "/usr/local/bin/npm" "install" "async-waterfall"
42 error cwd /Users/pcanella/projects/cartinder
43 error node -v v0.10.33
44 error npm -v 1.4.28
45 error syscall getaddrinfo
46 error code ENOTFOUND
47 error errno ENOTFOUND
48 verbose exit [ 1, true ]
